<?xml version="1.0" encoding="UTF-8"?>
<!-- Generated by org.testng.reporters.JUnitXMLReporter -->
<testsuite hostname="DESKTOP-AIBD1RS" ignored="0" name="Test" tests="2" failures="1" timestamp="2020-08-15T22:53:34 IST" time="96.036" errors="0">
  <testcase name="apiDemo" time="47.669" classname="com.Appium.test.ApiDemo"/>
  <testcase name="ecommerce" time="43.641" classname="com.Appium.test.EcommerceApp">
    <failure type="java.lang.AssertionError" message="expected [$ 280.97] but found [$s 280.97]">
      <![CDATA[java.lang.AssertionError: expected [$ 280.97] but found [$s 280.97]
at com.Appium.test.EcommerceApp.ecommerce(EcommerceApp.java:53)
at java.util.ArrayList.forEach(Unknown Source)
... Removed 32 stack frames]]>
    </failure>
  </testcase> <!-- ecommerce -->
</testsuite> <!-- Test -->
