<?xml version="1.0" encoding="UTF-8"?>
<testng-results skipped="0" failed="0" ignored="0" total="6" passed="6">
  <reporter-output>
  </reporter-output>
  <suite name="Suite" duration-ms="273358" started-at="2020-08-16T14:55:49 IST" finished-at="2020-08-16T15:00:23 IST">
    <groups>
    </groups>
    <test name="Test" duration-ms="273358" started-at="2020-08-16T14:55:49 IST" finished-at="2020-08-16T15:00:23 IST">
      <class name="com.Appium.test.ApiDemo">
        <test-method status="PASS" signature="killTask()[pri:0, instance:com.Appium.test.ApiDemo@42d8062c]" name="killTask" is-config="true" duration-ms="3020" started-at="2020-08-16T14:55:49 IST" finished-at="2020-08-16T14:55:52 IST">
          <reporter-output>
          </reporter-output>
        </test-method> <!-- killTask -->
        <test-method status="PASS" signature="apiDemo(java.lang.String)[pri:0, instance:com.Appium.test.ApiDemo@42d8062c]" name="apiDemo" duration-ms="62154" started-at="2020-08-16T14:55:52 IST" data-provider="input" finished-at="2020-08-16T14:56:54 IST">
          <params>
            <param index="0">
              <value>
                <![CDATA[Hello]]>
              </value>
            </param>
          </params>
          <reporter-output>
          </reporter-output>
        </test-method> <!-- apiDemo -->
        <test-method status="PASS" signature="apiDemo(java.lang.String)[pri:0, instance:com.Appium.test.ApiDemo@42d8062c]" name="apiDemo" duration-ms="38875" started-at="2020-08-16T14:56:54 IST" data-provider="input" finished-at="2020-08-16T14:57:33 IST">
          <params>
            <param index="0">
              <value>
                <![CDATA[~!@#$%^&]]>
              </value>
            </param>
          </params>
          <reporter-output>
          </reporter-output>
        </test-method> <!-- apiDemo -->
        <test-method status="PASS" signature="apiDemo(java.lang.String)[pri:0, instance:com.Appium.test.ApiDemo@42d8062c]" name="apiDemo" duration-ms="38588" started-at="2020-08-16T14:57:33 IST" data-provider="input" finished-at="2020-08-16T14:58:12 IST">
          <params>
            <param index="0">
              <value>
                <![CDATA[12334]]>
              </value>
            </param>
          </params>
          <reporter-output>
          </reporter-output>
        </test-method> <!-- apiDemo -->
      </class> <!-- com.Appium.test.ApiDemo -->
      <class name="com.Appium.test.EcommerceApp">
        <test-method status="PASS" signature="ecommerce(java.lang.String)[pri:0, instance:com.Appium.test.EcommerceApp@6043cd28]" name="ecommerce" duration-ms="43318" started-at="2020-08-16T14:58:12 IST" data-provider="input" finished-at="2020-08-16T14:58:55 IST">
          <params>
            <param index="0">
              <value>
                <![CDATA[Hello]]>
              </value>
            </param>
          </params>
          <reporter-output>
          </reporter-output>
        </test-method> <!-- ecommerce -->
        <test-method status="PASS" signature="ecommerce(java.lang.String)[pri:0, instance:com.Appium.test.EcommerceApp@6043cd28]" name="ecommerce" duration-ms="42911" started-at="2020-08-16T14:58:55 IST" data-provider="input" finished-at="2020-08-16T14:59:38 IST">
          <params>
            <param index="0">
              <value>
                <![CDATA[~!@#$%^&]]>
              </value>
            </param>
          </params>
          <reporter-output>
          </reporter-output>
        </test-method> <!-- ecommerce -->
        <test-method status="PASS" signature="ecommerce(java.lang.String)[pri:0, instance:com.Appium.test.EcommerceApp@6043cd28]" name="ecommerce" duration-ms="44410" started-at="2020-08-16T14:59:38 IST" data-provider="input" finished-at="2020-08-16T15:00:23 IST">
          <params>
            <param index="0">
              <value>
                <![CDATA[12334]]>
              </value>
            </param>
          </params>
          <reporter-output>
          </reporter-output>
        </test-method> <!-- ecommerce -->
      </class> <!-- com.Appium.test.EcommerceApp -->
    </test> <!-- Test -->
  </suite> <!-- Suite -->
</testng-results>
