<?xml version="1.0" encoding="UTF-8"?>
<testng-results skipped="0" failed="0" ignored="0" total="4" passed="4">
  <reporter-output>
  </reporter-output>
  <suite name="Suite" duration-ms="210182" started-at="2020-08-18T14:54:22 IST" finished-at="2020-08-18T14:57:52 IST">
    <groups>
    </groups>
    <test name="Test" duration-ms="210182" started-at="2020-08-18T14:54:22 IST" finished-at="2020-08-18T14:57:52 IST">
      <class name="com.Appium.test.ApiDemo">
        <test-method status="PASS" signature="killTask()[pri:0, instance:com.Appium.test.ApiDemo@cb51256]" name="killTask" is-config="true" duration-ms="3019" started-at="2020-08-18T14:54:22 IST" finished-at="2020-08-18T14:54:25 IST">
          <reporter-output>
          </reporter-output>
        </test-method> <!-- killTask -->
        <test-method status="PASS" signature="apiDemo(java.lang.String)[pri:0, instance:com.Appium.test.ApiDemo@cb51256]" name="apiDemo" duration-ms="76983" started-at="2020-08-18T14:54:25 IST" data-provider="input" finished-at="2020-08-18T14:55:42 IST">
          <params>
            <param index="0">
              <value>
                <![CDATA[Hello]]>
              </value>
            </param>
          </params>
          <reporter-output>
          </reporter-output>
        </test-method> <!-- apiDemo -->
        <test-method status="PASS" signature="apiDemo(java.lang.String)[pri:0, instance:com.Appium.test.ApiDemo@cb51256]" name="apiDemo" duration-ms="42919" started-at="2020-08-18T14:55:42 IST" data-provider="input" finished-at="2020-08-18T14:56:25 IST">
          <params>
            <param index="0">
              <value>
                <![CDATA[~!@#$%^&]]>
              </value>
            </param>
          </params>
          <reporter-output>
          </reporter-output>
        </test-method> <!-- apiDemo -->
      </class> <!-- com.Appium.test.ApiDemo -->
      <class name="com.Appium.test.EcommerceApp">
        <test-method status="PASS" signature="ecommerce(java.lang.String)[pri:0, instance:com.Appium.test.EcommerceApp@59906517]" name="ecommerce" duration-ms="45221" started-at="2020-08-18T14:56:25 IST" data-provider="input" finished-at="2020-08-18T14:57:10 IST">
          <params>
            <param index="0">
              <value>
                <![CDATA[Hello]]>
              </value>
            </param>
          </params>
          <reporter-output>
          </reporter-output>
        </test-method> <!-- ecommerce -->
        <test-method status="PASS" signature="ecommerce(java.lang.String)[pri:0, instance:com.Appium.test.EcommerceApp@59906517]" name="ecommerce" duration-ms="41870" started-at="2020-08-18T14:57:10 IST" data-provider="input" finished-at="2020-08-18T14:57:52 IST">
          <params>
            <param index="0">
              <value>
                <![CDATA[~!@#$%^&]]>
              </value>
            </param>
          </params>
          <reporter-output>
          </reporter-output>
        </test-method> <!-- ecommerce -->
      </class> <!-- com.Appium.test.EcommerceApp -->
    </test> <!-- Test -->
  </suite> <!-- Suite -->
</testng-results>
